{"/home/jishnu/Documents/prefetchAI/src/MarkovTracker.js": {"path":"/home/jishnu/Documents/prefetchAI/src/MarkovTracker.js","statementMap":{"0":{"start":{"line":7,"column":4},"end":{"line":7,"column":null}},"1":{"start":{"line":8,"column":4},"end":{"line":8,"column":null}},"2":{"start":{"line":16,"column":4},"end":{"line":22,"column":null}},"3":{"start":{"line":17,"column":19},"end":{"line":17,"column":56}},"4":{"start":{"line":18,"column":6},"end":{"line":18,"column":null}},"5":{"start":{"line":20,"column":6},"end":{"line":20,"column":null}},"6":{"start":{"line":21,"column":6},"end":{"line":21,"column":null}},"7":{"start":{"line":26,"column":4},"end":{"line":30,"column":null}},"8":{"start":{"line":27,"column":6},"end":{"line":27,"column":null}},"9":{"start":{"line":29,"column":6},"end":{"line":29,"column":null}},"10":{"start":{"line":39,"column":4},"end":{"line":39,"column":null}},"11":{"start":{"line":39,"column":37},"end":{"line":39,"column":null}},"12":{"start":{"line":41,"column":4},"end":{"line":43,"column":null}},"13":{"start":{"line":42,"column":6},"end":{"line":42,"column":null}},"14":{"start":{"line":45,"column":4},"end":{"line":45,"column":null}},"15":{"start":{"line":46,"column":4},"end":{"line":46,"column":null}},"16":{"start":{"line":55,"column":24},"end":{"line":55,"column":49}},"17":{"start":{"line":56,"column":4},"end":{"line":56,"column":null}},"18":{"start":{"line":56,"column":22},"end":{"line":56,"column":null}},"19":{"start":{"line":58,"column":16},"end":{"line":58,"column":17}},"20":{"start":{"line":59,"column":19},"end":{"line":59,"column":23}},"21":{"start":{"line":60,"column":19},"end":{"line":60,"column":21}},"22":{"start":{"line":62,"column":4},"end":{"line":68,"column":null}},"23":{"start":{"line":63,"column":6},"end":{"line":63,"column":null}},"24":{"start":{"line":64,"column":6},"end":{"line":67,"column":null}},"25":{"start":{"line":65,"column":8},"end":{"line":65,"column":null}},"26":{"start":{"line":66,"column":8},"end":{"line":66,"column":null}},"27":{"start":{"line":70,"column":4},"end":{"line":70,"column":null}},"28":{"start":{"line":70,"column":34},"end":{"line":70,"column":null}},"29":{"start":{"line":72,"column":4},"end":{"line":75,"column":null}}},"fnMap":{"0":{"name":"(anonymous_0)","decl":{"start":{"line":6,"column":2},"end":{"line":6,"column":13}},"loc":{"start":{"line":6,"column":44},"end":{"line":9,"column":null}},"line":6},"1":{"name":"(anonymous_1)","decl":{"start":{"line":15,"column":2},"end":{"line":15,"column":6}},"loc":{"start":{"line":15,"column":9},"end":{"line":23,"column":null}},"line":15},"2":{"name":"(anonymous_2)","decl":{"start":{"line":25,"column":2},"end":{"line":25,"column":6}},"loc":{"start":{"line":25,"column":9},"end":{"line":31,"column":null}},"line":25},"3":{"name":"(anonymous_3)","decl":{"start":{"line":38,"column":2},"end":{"line":38,"column":18}},"loc":{"start":{"line":38,"column":29},"end":{"line":47,"column":null}},"line":38},"4":{"name":"(anonymous_4)","decl":{"start":{"line":54,"column":2},"end":{"line":54,"column":13}},"loc":{"start":{"line":54,"column":28},"end":{"line":76,"column":null}},"line":54}},"branchMap":{"0":{"loc":{"start":{"line":6,"column":14},"end":{"line":6,"column":42}},"type":"default-arg","locations":[{"start":{"line":6,"column":27},"end":{"line":6,"column":42}}],"line":6},"1":{"loc":{"start":{"line":18,"column":13},"end":{"line":18,"column":41}},"type":"cond-expr","locations":[{"start":{"line":18,"column":20},"end":{"line":18,"column":36}},{"start":{"line":18,"column":39},"end":{"line":18,"column":41}}],"line":18},"2":{"loc":{"start":{"line":39,"column":4},"end":{"line":39,"column":null}},"type":"if","locations":[{"start":{"line":39,"column":4},"end":{"line":39,"column":null}},{"start":{},"end":{}}],"line":39},"3":{"loc":{"start":{"line":39,"column":8},"end":{"line":39,"column":35}},"type":"binary-expr","locations":[{"start":{"line":39,"column":8},"end":{"line":39,"column":13}},{"start":{"line":39,"column":17},"end":{"line":39,"column":20}},{"start":{"line":39,"column":24},"end":{"line":39,"column":35}}],"line":39},"4":{"loc":{"start":{"line":41,"column":4},"end":{"line":43,"column":null}},"type":"if","locations":[{"start":{"line":41,"column":4},"end":{"line":43,"column":null}},{"start":{},"end":{}}],"line":41},"5":{"loc":{"start":{"line":45,"column":29},"end":{"line":45,"column":55}},"type":"binary-expr","locations":[{"start":{"line":45,"column":29},"end":{"line":45,"column":50}},{"start":{"line":45,"column":54},"end":{"line":45,"column":55}}],"line":45},"6":{"loc":{"start":{"line":56,"column":4},"end":{"line":56,"column":null}},"type":"if","locations":[{"start":{"line":56,"column":4},"end":{"line":56,"column":null}},{"start":{},"end":{}}],"line":56},"7":{"loc":{"start":{"line":64,"column":6},"end":{"line":67,"column":null}},"type":"if","locations":[{"start":{"line":64,"column":6},"end":{"line":67,"column":null}},{"start":{},"end":{}}],"line":64},"8":{"loc":{"start":{"line":70,"column":4},"end":{"line":70,"column":null}},"type":"if","locations":[{"start":{"line":70,"column":4},"end":{"line":70,"column":null}},{"start":{},"end":{}}],"line":70},"9":{"loc":{"start":{"line":70,"column":8},"end":{"line":70,"column":32}},"type":"binary-expr","locations":[{"start":{"line":70,"column":8},"end":{"line":70,"column":17}},{"start":{"line":70,"column":21},"end":{"line":70,"column":32}}],"line":70}},"s":{"0":1,"1":1,"2":1,"3":1,"4":1,"5":0,"6":0,"7":9,"8":9,"9":0,"10":10,"11":1,"12":9,"13":4,"14":9,"15":10,"16":3,"17":3,"18":1,"19":2,"20":2,"21":2,"22":2,"23":4,"24":4,"25":3,"26":3,"27":2,"28":0,"29":2},"f":{"0":1,"1":1,"2":9,"3":10,"4":3},"b":{"0":[1],"1":[0,1],"2":[1,9],"3":[10,10,10],"4":[4,5],"5":[9,6],"6":[1,2],"7":[3,1],"8":[0,2],"9":[2,2]},"meta":{"lastBranch":10,"lastFunction":5,"lastStatement":30,"seen":{"f:6:2:6:13":0,"b:6:27:6:42":0,"s:7:4:7:Infinity":0,"s:8:4:8:Infinity":1,"f:15:2:15:6":1,"s:16:4:22:Infinity":2,"s:17:19:17:56":3,"s:18:6:18:Infinity":4,"b:18:20:18:36:18:39:18:41":1,"s:20:6:20:Infinity":5,"s:21:6:21:Infinity":6,"f:25:2:25:6":2,"s:26:4:30:Infinity":7,"s:27:6:27:Infinity":8,"s:29:6:29:Infinity":9,"f:38:2:38:18":3,"b:39:4:39:Infinity:undefined:undefined:undefined:undefined":2,"s:39:4:39:Infinity":10,"b:39:8:39:13:39:17:39:20:39:24:39:35":3,"s:39:37:39:Infinity":11,"b:41:4:43:Infinity:undefined:undefined:undefined:undefined":4,"s:41:4:43:Infinity":12,"s:42:6:42:Infinity":13,"s:45:4:45:Infinity":14,"b:45:29:45:50:45:54:45:55":5,"s:46:4:46:Infinity":15,"f:54:2:54:13":4,"s:55:24:55:49":16,"b:56:4:56:Infinity:undefined:undefined:undefined:undefined":6,"s:56:4:56:Infinity":17,"s:56:22:56:Infinity":18,"s:58:16:58:17":19,"s:59:19:59:23":20,"s:60:19:60:21":21,"s:62:4:68:Infinity":22,"s:63:6:63:Infinity":23,"b:64:6:67:Infinity:undefined:undefined:undefined:undefined":7,"s:64:6:67:Infinity":24,"s:65:8:65:Infinity":25,"s:66:8:66:Infinity":26,"b:70:4:70:Infinity:undefined:undefined:undefined:undefined":8,"s:70:4:70:Infinity":27,"b:70:8:70:17:70:21:70:32":9,"s:70:34:70:Infinity":28,"s:72:4:75:Infinity":29}}}
}
