{"/home/jishnu/Documents/prefetchAI/src/MarkovTracker.js": {"path":"/home/jishnu/Documents/prefetchAI/src/MarkovTracker.js","statementMap":{"0":{"start":{"line":7,"column":4},"end":{"line":7,"column":null}},"1":{"start":{"line":8,"column":4},"end":{"line":8,"column":null}},"2":{"start":{"line":16,"column":4},"end":{"line":22,"column":null}},"3":{"start":{"line":17,"column":19},"end":{"line":17,"column":56}},"4":{"start":{"line":18,"column":6},"end":{"line":18,"column":null}},"5":{"start":{"line":20,"column":6},"end":{"line":20,"column":null}},"6":{"start":{"line":21,"column":6},"end":{"line":21,"column":null}},"7":{"start":{"line":26,"column":4},"end":{"line":30,"column":null}},"8":{"start":{"line":27,"column":6},"end":{"line":27,"column":null}},"9":{"start":{"line":29,"column":6},"end":{"line":29,"column":null}},"10":{"start":{"line":39,"column":4},"end":{"line":39,"column":null}},"11":{"start":{"line":39,"column":37},"end":{"line":39,"column":null}},"12":{"start":{"line":41,"column":4},"end":{"line":43,"column":null}},"13":{"start":{"line":42,"column":6},"end":{"line":42,"column":null}},"14":{"start":{"line":45,"column":4},"end":{"line":45,"column":null}},"15":{"start":{"line":46,"column":4},"end":{"line":46,"column":null}},"16":{"start":{"line":55,"column":24},"end":{"line":55,"column":49}},"17":{"start":{"line":56,"column":4},"end":{"line":56,"column":null}},"18":{"start":{"line":56,"column":22},"end":{"line":56,"column":null}},"19":{"start":{"line":58,"column":16},"end":{"line":58,"column":17}},"20":{"start":{"line":59,"column":19},"end":{"line":59,"column":23}},"21":{"start":{"line":60,"column":19},"end":{"line":60,"column":21}},"22":{"start":{"line":62,"column":4},"end":{"line":68,"column":null}},"23":{"start":{"line":63,"column":6},"end":{"line":63,"column":null}},"24":{"start":{"line":64,"column":6},"end":{"line":67,"column":null}},"25":{"start":{"line":65,"column":8},"end":{"line":65,"column":null}},"26":{"start":{"line":66,"column":8},"end":{"line":66,"column":null}},"27":{"start":{"line":70,"column":4},"end":{"line":70,"column":null}},"28":{"start":{"line":70,"column":34},"end":{"line":70,"column":null}},"29":{"start":{"line":72,"column":4},"end":{"line":75,"column":null}}},"fnMap":{"0":{"name":"(anonymous_0)","decl":{"start":{"line":6,"column":2},"end":{"line":6,"column":13}},"loc":{"start":{"line":6,"column":44},"end":{"line":9,"column":null}},"line":6},"1":{"name":"(anonymous_1)","decl":{"start":{"line":15,"column":2},"end":{"line":15,"column":6}},"loc":{"start":{"line":15,"column":9},"end":{"line":23,"column":null}},"line":15},"2":{"name":"(anonymous_2)","decl":{"start":{"line":25,"column":2},"end":{"line":25,"column":6}},"loc":{"start":{"line":25,"column":9},"end":{"line":31,"column":null}},"line":25},"3":{"name":"(anonymous_3)","decl":{"start":{"line":38,"column":2},"end":{"line":38,"column":18}},"loc":{"start":{"line":38,"column":29},"end":{"line":47,"column":null}},"line":38},"4":{"name":"(anonymous_4)","decl":{"start":{"line":54,"column":2},"end":{"line":54,"column":13}},"loc":{"start":{"line":54,"column":28},"end":{"line":76,"column":null}},"line":54}},"branchMap":{"0":{"loc":{"start":{"line":6,"column":14},"end":{"line":6,"column":42}},"type":"default-arg","locations":[{"start":{"line":6,"column":27},"end":{"line":6,"column":42}}],"line":6},"1":{"loc":{"start":{"line":18,"column":13},"end":{"line":18,"column":41}},"type":"cond-expr","locations":[{"start":{"line":18,"column":20},"end":{"line":18,"column":36}},{"start":{"line":18,"column":39},"end":{"line":18,"column":41}}],"line":18},"2":{"loc":{"start":{"line":39,"column":4},"end":{"line":39,"column":null}},"type":"if","locations":[{"start":{"line":39,"column":4},"end":{"line":39,"column":null}},{"start":{},"end":{}}],"line":39},"3":{"loc":{"start":{"line":39,"column":8},"end":{"line":39,"column":35}},"type":"binary-expr","locations":[{"start":{"line":39,"column":8},"end":{"line":39,"column":13}},{"start":{"line":39,"column":17},"end":{"line":39,"column":20}},{"start":{"line":39,"column":24},"end":{"line":39,"column":35}}],"line":39},"4":{"loc":{"start":{"line":41,"column":4},"end":{"line":43,"column":null}},"type":"if","locations":[{"start":{"line":41,"column":4},"end":{"line":43,"column":null}},{"start":{},"end":{}}],"line":41},"5":{"loc":{"start":{"line":45,"column":29},"end":{"line":45,"column":55}},"type":"binary-expr","locations":[{"start":{"line":45,"column":29},"end":{"line":45,"column":50}},{"start":{"line":45,"column":54},"end":{"line":45,"column":55}}],"line":45},"6":{"loc":{"start":{"line":56,"column":4},"end":{"line":56,"column":null}},"type":"if","locations":[{"start":{"line":56,"column":4},"end":{"line":56,"column":null}},{"start":{},"end":{}}],"line":56},"7":{"loc":{"start":{"line":64,"column":6},"end":{"line":67,"column":null}},"type":"if","locations":[{"start":{"line":64,"column":6},"end":{"line":67,"column":null}},{"start":{},"end":{}}],"line":64},"8":{"loc":{"start":{"line":70,"column":4},"end":{"line":70,"column":null}},"type":"if","locations":[{"start":{"line":70,"column":4},"end":{"line":70,"column":null}},{"start":{},"end":{}}],"line":70},"9":{"loc":{"start":{"line":70,"column":8},"end":{"line":70,"column":32}},"type":"binary-expr","locations":[{"start":{"line":70,"column":8},"end":{"line":70,"column":17}},{"start":{"line":70,"column":21},"end":{"line":70,"column":32}}],"line":70}},"s":{"0":1,"1":1,"2":1,"3":1,"4":1,"5":0,"6":0,"7":0,"8":0,"9":0,"10":0,"11":0,"12":0,"13":0,"14":0,"15":0,"16":0,"17":0,"18":0,"19":0,"20":0,"21":0,"22":0,"23":0,"24":0,"25":0,"26":0,"27":0,"28":0,"29":0},"f":{"0":1,"1":1,"2":0,"3":0,"4":0},"b":{"0":[1],"1":[0,1],"2":[0,0],"3":[0,0,0],"4":[0,0],"5":[0,0],"6":[0,0],"7":[0,0],"8":[0,0],"9":[0,0]},"meta":{"lastBranch":10,"lastFunction":5,"lastStatement":30,"seen":{"f:6:2:6:13":0,"b:6:27:6:42":0,"s:7:4:7:Infinity":0,"s:8:4:8:Infinity":1,"f:15:2:15:6":1,"s:16:4:22:Infinity":2,"s:17:19:17:56":3,"s:18:6:18:Infinity":4,"b:18:20:18:36:18:39:18:41":1,"s:20:6:20:Infinity":5,"s:21:6:21:Infinity":6,"f:25:2:25:6":2,"s:26:4:30:Infinity":7,"s:27:6:27:Infinity":8,"s:29:6:29:Infinity":9,"f:38:2:38:18":3,"b:39:4:39:Infinity:undefined:undefined:undefined:undefined":2,"s:39:4:39:Infinity":10,"b:39:8:39:13:39:17:39:20:39:24:39:35":3,"s:39:37:39:Infinity":11,"b:41:4:43:Infinity:undefined:undefined:undefined:undefined":4,"s:41:4:43:Infinity":12,"s:42:6:42:Infinity":13,"s:45:4:45:Infinity":14,"b:45:29:45:50:45:54:45:55":5,"s:46:4:46:Infinity":15,"f:54:2:54:13":4,"s:55:24:55:49":16,"b:56:4:56:Infinity:undefined:undefined:undefined:undefined":6,"s:56:4:56:Infinity":17,"s:56:22:56:Infinity":18,"s:58:16:58:17":19,"s:59:19:59:23":20,"s:60:19:60:21":21,"s:62:4:68:Infinity":22,"s:63:6:63:Infinity":23,"b:64:6:67:Infinity:undefined:undefined:undefined:undefined":7,"s:64:6:67:Infinity":24,"s:65:8:65:Infinity":25,"s:66:8:66:Infinity":26,"b:70:4:70:Infinity:undefined:undefined:undefined:undefined":8,"s:70:4:70:Infinity":27,"b:70:8:70:17:70:21:70:32":9,"s:70:34:70:Infinity":28,"s:72:4:75:Infinity":29}}}
,"/home/jishnu/Documents/prefetchAI/src/usePredictiveFetch.js": {"path":"/home/jishnu/Documents/prefetchAI/src/usePredictiveFetch.js","statementMap":{"0":{"start":{"line":19,"column":34},"end":{"line":194,"column":1}},"1":{"start":{"line":20,"column":25},"end":{"line":20,"column":40}},"2":{"start":{"line":21,"column":49},"end":{"line":21,"column":69}},"3":{"start":{"line":22,"column":15},"end":{"line":22,"column":33}},"4":{"start":{"line":25,"column":15},"end":{"line":36,"column":4}},"5":{"start":{"line":38,"column":22},"end":{"line":60,"column":11}},"6":{"start":{"line":39,"column":24},"end":{"line":39,"column":52}},"7":{"start":{"line":40,"column":16},"end":{"line":40,"column":26}},"8":{"start":{"line":43,"column":4},"end":{"line":46,"column":null}},"9":{"start":{"line":44,"column":6},"end":{"line":44,"column":null}},"10":{"start":{"line":44,"column":23},"end":{"line":44,"column":74}},"11":{"start":{"line":45,"column":6},"end":{"line":45,"column":null}},"12":{"start":{"line":48,"column":4},"end":{"line":59,"column":null}},"13":{"start":{"line":49,"column":23},"end":{"line":49,"column":64}},"14":{"start":{"line":50,"column":6},"end":{"line":50,"column":null}},"15":{"start":{"line":50,"column":24},"end":{"line":50,"column":null}},"16":{"start":{"line":52,"column":19},"end":{"line":52,"column":40}},"17":{"start":{"line":53,"column":23},"end":{"line":53,"column":60}},"18":{"start":{"line":55,"column":6},"end":{"line":55,"column":null}},"19":{"start":{"line":56,"column":6},"end":{"line":56,"column":null}},"20":{"start":{"line":58,"column":6},"end":{"line":58,"column":null}},"21":{"start":{"line":62,"column":30},"end":{"line":127,"column":47}},"22":{"start":{"line":63,"column":14},"end":{"line":63,"column":27}},"23":{"start":{"line":64,"column":4},"end":{"line":64,"column":null}},"24":{"start":{"line":64,"column":28},"end":{"line":64,"column":null}},"25":{"start":{"line":66,"column":17},"end":{"line":66,"column":58}},"26":{"start":{"line":67,"column":26},"end":{"line":67,"column":52}},"27":{"start":{"line":68,"column":26},"end":{"line":68,"column":52}},"28":{"start":{"line":70,"column":22},"end":{"line":70,"column":48}},"29":{"start":{"line":71,"column":22},"end":{"line":71,"column":48}},"30":{"start":{"line":72,"column":21},"end":{"line":72,"column":77}},"31":{"start":{"line":75,"column":4},"end":{"line":78,"column":null}},"32":{"start":{"line":76,"column":6},"end":{"line":76,"column":null}},"33":{"start":{"line":76,"column":26},"end":{"line":76,"column":null}},"34":{"start":{"line":77,"column":6},"end":{"line":77,"column":null}},"35":{"start":{"line":81,"column":22},"end":{"line":85,"column":5}},"36":{"start":{"line":87,"column":19},"end":{"line":87,"column":41}},"37":{"start":{"line":88,"column":19},"end":{"line":88,"column":41}},"38":{"start":{"line":93,"column":25},"end":{"line":93,"column":39}},"39":{"start":{"line":94,"column":20},"end":{"line":94,"column":101}},"40":{"start":{"line":95,"column":20},"end":{"line":95,"column":101}},"41":{"start":{"line":97,"column":4},"end":{"line":100,"column":null}},"42":{"start":{"line":98,"column":6},"end":{"line":98,"column":null}},"43":{"start":{"line":99,"column":6},"end":{"line":99,"column":null}},"44":{"start":{"line":103,"column":4},"end":{"line":105,"column":null}},"45":{"start":{"line":104,"column":6},"end":{"line":104,"column":null}},"46":{"start":{"line":109,"column":29},"end":{"line":109,"column":30}},"47":{"start":{"line":110,"column":4},"end":{"line":112,"column":null}},"48":{"start":{"line":111,"column":7},"end":{"line":111,"column":null}},"49":{"start":{"line":114,"column":22},"end":{"line":114,"column":55}},"50":{"start":{"line":117,"column":18},"end":{"line":117,"column":85}},"51":{"start":{"line":119,"column":4},"end":{"line":124,"column":null}},"52":{"start":{"line":120,"column":6},"end":{"line":120,"column":null}},"53":{"start":{"line":121,"column":6},"end":{"line":121,"column":null}},"54":{"start":{"line":122,"column":11},"end":{"line":124,"column":null}},"55":{"start":{"line":123,"column":6},"end":{"line":123,"column":null}},"56":{"start":{"line":126,"column":4},"end":{"line":126,"column":null}},"57":{"start":{"line":129,"column":16},"end":{"line":154,"column":28}},"58":{"start":{"line":130,"column":14},"end":{"line":130,"column":27}},"59":{"start":{"line":131,"column":16},"end":{"line":131,"column":33}},"60":{"start":{"line":133,"column":4},"end":{"line":148,"column":null}},"61":{"start":{"line":134,"column":17},"end":{"line":134,"column":42}},"62":{"start":{"line":135,"column":6},"end":{"line":147,"column":null}},"63":{"start":{"line":136,"column":19},"end":{"line":136,"column":39}},"64":{"start":{"line":137,"column":19},"end":{"line":137,"column":39}},"65":{"start":{"line":138,"column":19},"end":{"line":138,"column":26}},"66":{"start":{"line":139,"column":19},"end":{"line":139,"column":26}},"67":{"start":{"line":140,"column":29},"end":{"line":140,"column":57}},"68":{"start":{"line":142,"column":8},"end":{"line":142,"column":null}},"69":{"start":{"line":143,"column":8},"end":{"line":143,"column":null}},"70":{"start":{"line":144,"column":8},"end":{"line":144,"column":null}},"71":{"start":{"line":146,"column":8},"end":{"line":146,"column":null}},"72":{"start":{"line":150,"column":4},"end":{"line":150,"column":null}},"73":{"start":{"line":151,"column":4},"end":{"line":151,"column":null}},"74":{"start":{"line":152,"column":4},"end":{"line":152,"column":null}},"75":{"start":{"line":153,"column":4},"end":{"line":153,"column":null}},"76":{"start":{"line":157,"column":1},"end":{"line":171,"column":null}},"77":{"start":{"line":159,"column":4},"end":{"line":162,"column":null}},"78":{"start":{"line":160,"column":23},"end":{"line":160,"column":66}},"79":{"start":{"line":161,"column":6},"end":{"line":161,"column":null}},"80":{"start":{"line":164,"column":24},"end":{"line":164,"column":48}},"81":{"start":{"line":165,"column":23},"end":{"line":165,"column":61}},"82":{"start":{"line":167,"column":4},"end":{"line":170,"column":null}},"83":{"start":{"line":168,"column":6},"end":{"line":168,"column":null}},"84":{"start":{"line":169,"column":6},"end":{"line":169,"column":null}},"85":{"start":{"line":173,"column":1},"end":{"line":191,"column":null}},"86":{"start":{"line":174,"column":14},"end":{"line":174,"column":27}},"87":{"start":{"line":176,"column":28},"end":{"line":184,"column":5}},"88":{"start":{"line":177,"column":6},"end":{"line":177,"column":null}},"89":{"start":{"line":178,"column":6},"end":{"line":178,"column":null}},"90":{"start":{"line":180,"column":6},"end":{"line":183,"column":null}},"91":{"start":{"line":181,"column":8},"end":{"line":181,"column":null}},"92":{"start":{"line":182,"column":8},"end":{"line":182,"column":null}},"93":{"start":{"line":186,"column":4},"end":{"line":186,"column":null}},"94":{"start":{"line":188,"column":4},"end":{"line":190,"column":null}},"95":{"start":{"line":189,"column":6},"end":{"line":189,"column":null}},"96":{"start":{"line":193,"column":2},"end":{"line":193,"column":null}}},"fnMap":{"0":{"name":"(anonymous_0)","decl":{"start":{"line":19,"column":34},"end":{"line":19,"column":35}},"loc":{"start":{"line":19,"column":103},"end":{"line":194,"column":1}},"line":19},"1":{"name":"(anonymous_1)","decl":{"start":{"line":38,"column":35},"end":{"line":38,"column":40}},"loc":{"start":{"line":38,"column":56},"end":{"line":60,"column":3}},"line":38},"2":{"name":"(anonymous_2)","decl":{"start":{"line":44,"column":14},"end":{"line":44,"column":18}},"loc":{"start":{"line":44,"column":23},"end":{"line":44,"column":74}},"line":44},"3":{"name":"(anonymous_3)","decl":{"start":{"line":62,"column":43},"end":{"line":62,"column":44}},"loc":{"start":{"line":62,"column":49},"end":{"line":127,"column":3}},"line":62},"4":{"name":"(anonymous_4)","decl":{"start":{"line":129,"column":29},"end":{"line":129,"column":30}},"loc":{"start":{"line":129,"column":35},"end":{"line":154,"column":3}},"line":129},"5":{"name":"(anonymous_5)","decl":{"start":{"line":157,"column":12},"end":{"line":157,"column":13}},"loc":{"start":{"line":157,"column":18},"end":{"line":171,"column":3}},"line":157},"6":{"name":"(anonymous_6)","decl":{"start":{"line":159,"column":46},"end":{"line":159,"column":49}},"loc":{"start":{"line":159,"column":53},"end":{"line":162,"column":5}},"line":159},"7":{"name":"(anonymous_7)","decl":{"start":{"line":173,"column":12},"end":{"line":173,"column":13}},"loc":{"start":{"line":173,"column":18},"end":{"line":191,"column":3}},"line":173},"8":{"name":"(anonymous_8)","decl":{"start":{"line":176,"column":28},"end":{"line":176,"column":29}},"loc":{"start":{"line":176,"column":35},"end":{"line":184,"column":5}},"line":176},"9":{"name":"(anonymous_9)","decl":{"start":{"line":188,"column":11},"end":{"line":188,"column":12}},"loc":{"start":{"line":188,"column":17},"end":{"line":190,"column":5}},"line":188}},"branchMap":{"0":{"loc":{"start":{"line":19,"column":51},"end":{"line":19,"column":98}},"type":"default-arg","locations":[{"start":{"line":19,"column":96},"end":{"line":19,"column":98}}],"line":19},"1":{"loc":{"start":{"line":19,"column":53},"end":{"line":19,"column":63}},"type":"default-arg","locations":[{"start":{"line":19,"column":59},"end":{"line":19,"column":63}}],"line":19},"2":{"loc":{"start":{"line":19,"column":65},"end":{"line":19,"column":81}},"type":"default-arg","locations":[{"start":{"line":19,"column":77},"end":{"line":19,"column":81}}],"line":19},"3":{"loc":{"start":{"line":43,"column":4},"end":{"line":46,"column":null}},"type":"if","locations":[{"start":{"line":43,"column":4},"end":{"line":46,"column":null}},{"start":{},"end":{}}],"line":43},"4":{"loc":{"start":{"line":43,"column":8},"end":{"line":43,"column":58}},"type":"binary-expr","locations":[{"start":{"line":43,"column":8},"end":{"line":43,"column":19}},{"start":{"line":43,"column":24},"end":{"line":43,"column":57}}],"line":43},"5":{"loc":{"start":{"line":44,"column":23},"end":{"line":44,"column":74}},"type":"cond-expr","locations":[{"start":{"line":44,"column":51},"end":{"line":44,"column":55}},{"start":{"line":44,"column":58},"end":{"line":44,"column":74}}],"line":44},"6":{"loc":{"start":{"line":50,"column":6},"end":{"line":50,"column":null}},"type":"if","locations":[{"start":{"line":50,"column":6},"end":{"line":50,"column":null}},{"start":{},"end":{}}],"line":50},"7":{"loc":{"start":{"line":64,"column":4},"end":{"line":64,"column":null}},"type":"if","locations":[{"start":{"line":64,"column":4},"end":{"line":64,"column":null}},{"start":{},"end":{}}],"line":64},"8":{"loc":{"start":{"line":75,"column":4},"end":{"line":78,"column":null}},"type":"if","locations":[{"start":{"line":75,"column":4},"end":{"line":78,"column":null}},{"start":{},"end":{}}],"line":75},"9":{"loc":{"start":{"line":75,"column":8},"end":{"line":75,"column":37}},"type":"binary-expr","locations":[{"start":{"line":75,"column":8},"end":{"line":75,"column":21}},{"start":{"line":75,"column":25},"end":{"line":75,"column":37}}],"line":75},"10":{"loc":{"start":{"line":76,"column":6},"end":{"line":76,"column":null}},"type":"if","locations":[{"start":{"line":76,"column":6},"end":{"line":76,"column":null}},{"start":{},"end":{}}],"line":76},"11":{"loc":{"start":{"line":94,"column":20},"end":{"line":94,"column":101}},"type":"binary-expr","locations":[{"start":{"line":94,"column":21},"end":{"line":94,"column":31}},{"start":{"line":94,"column":35},"end":{"line":94,"column":59}},{"start":{"line":94,"column":65},"end":{"line":94,"column":75}},{"start":{"line":94,"column":79},"end":{"line":94,"column":100}}],"line":94},"12":{"loc":{"start":{"line":95,"column":20},"end":{"line":95,"column":101}},"type":"binary-expr","locations":[{"start":{"line":95,"column":21},"end":{"line":95,"column":31}},{"start":{"line":95,"column":35},"end":{"line":95,"column":58}},{"start":{"line":95,"column":64},"end":{"line":95,"column":74}},{"start":{"line":95,"column":78},"end":{"line":95,"column":100}}],"line":95},"13":{"loc":{"start":{"line":97,"column":4},"end":{"line":100,"column":null}},"type":"if","locations":[{"start":{"line":97,"column":4},"end":{"line":100,"column":null}},{"start":{},"end":{}}],"line":97},"14":{"loc":{"start":{"line":97,"column":8},"end":{"line":97,"column":42}},"type":"binary-expr","locations":[{"start":{"line":97,"column":8},"end":{"line":97,"column":20}},{"start":{"line":97,"column":24},"end":{"line":97,"column":31}},{"start":{"line":97,"column":35},"end":{"line":97,"column":42}}],"line":97},"15":{"loc":{"start":{"line":103,"column":4},"end":{"line":105,"column":null}},"type":"if","locations":[{"start":{"line":103,"column":4},"end":{"line":105,"column":null}},{"start":{},"end":{}}],"line":103},"16":{"loc":{"start":{"line":110,"column":4},"end":{"line":112,"column":null}},"type":"if","locations":[{"start":{"line":110,"column":4},"end":{"line":112,"column":null}},{"start":{},"end":{}}],"line":110},"17":{"loc":{"start":{"line":119,"column":4},"end":{"line":124,"column":null}},"type":"if","locations":[{"start":{"line":119,"column":4},"end":{"line":124,"column":null}},{"start":{"line":122,"column":11},"end":{"line":124,"column":null}}],"line":119},"18":{"loc":{"start":{"line":119,"column":8},"end":{"line":119,"column":47}},"type":"binary-expr","locations":[{"start":{"line":119,"column":8},"end":{"line":119,"column":32}},{"start":{"line":119,"column":36},"end":{"line":119,"column":47}}],"line":119},"19":{"loc":{"start":{"line":122,"column":11},"end":{"line":124,"column":null}},"type":"if","locations":[{"start":{"line":122,"column":11},"end":{"line":124,"column":null}},{"start":{},"end":{}}],"line":122},"20":{"loc":{"start":{"line":133,"column":4},"end":{"line":148,"column":null}},"type":"if","locations":[{"start":{"line":133,"column":4},"end":{"line":148,"column":null}},{"start":{},"end":{}}],"line":133},"21":{"loc":{"start":{"line":135,"column":6},"end":{"line":147,"column":null}},"type":"if","locations":[{"start":{"line":135,"column":6},"end":{"line":147,"column":null}},{"start":{},"end":{}}],"line":135},"22":{"loc":{"start":{"line":167,"column":4},"end":{"line":170,"column":null}},"type":"if","locations":[{"start":{"line":167,"column":4},"end":{"line":170,"column":null}},{"start":{},"end":{}}],"line":167},"23":{"loc":{"start":{"line":167,"column":8},"end":{"line":167,"column":82}},"type":"binary-expr","locations":[{"start":{"line":167,"column":8},"end":{"line":167,"column":18}},{"start":{"line":167,"column":22},"end":{"line":167,"column":49}},{"start":{"line":167,"column":53},"end":{"line":167,"column":82}}],"line":167},"24":{"loc":{"start":{"line":180,"column":6},"end":{"line":183,"column":null}},"type":"if","locations":[{"start":{"line":180,"column":6},"end":{"line":183,"column":null}},{"start":{},"end":{}}],"line":180}},"s":{"0":1,"1":9,"2":9,"3":9,"4":9,"5":9,"6":3,"7":3,"8":3,"9":0,"10":0,"11":0,"12":3,"13":3,"14":3,"15":0,"16":3,"17":3,"18":3,"19":3,"20":0,"21":9,"22":3,"23":3,"24":0,"25":3,"26":3,"27":3,"28":3,"29":3,"30":3,"31":3,"32":0,"33":0,"34":0,"35":3,"36":3,"37":3,"38":3,"39":3,"40":3,"41":3,"42":1,"43":1,"44":2,"45":0,"46":2,"47":2,"48":1,"49":2,"50":2,"51":2,"52":1,"53":1,"54":1,"55":0,"56":2,"57":9,"58":5,"59":5,"60":5,"61":3,"62":3,"63":3,"64":3,"65":3,"66":3,"67":3,"68":3,"69":3,"70":3,"71":3,"72":5,"73":5,"74":5,"75":5,"76":9,"77":5,"78":5,"79":5,"80":5,"81":5,"82":5,"83":2,"84":2,"85":9,"86":5,"87":5,"88":5,"89":5,"90":5,"91":5,"92":5,"93":5,"94":5,"95":5,"96":9},"f":{"0":9,"1":3,"2":0,"3":3,"4":5,"5":5,"6":5,"7":5,"8":5,"9":5},"b":{"0":[9],"1":[9],"2":[9],"3":[0,3],"4":[3,0],"5":[0,0],"6":[0,3],"7":[0,3],"8":[0,3],"9":[3,3],"10":[0,0],"11":[3,3,2,0],"12":[3,2,3,0],"13":[1,2],"14":[3,2,2],"15":[0,2],"16":[1,1],"17":[1,1],"18":[2,1],"19":[0,1],"20":[3,2],"21":[3,0],"22":[2,3],"23":[5,2,2],"24":[5,0]},"meta":{"lastBranch":25,"lastFunction":10,"lastStatement":97,"seen":{"s:19:34:194:1":0,"f:19:34:19:35":0,"b:19:96:19:98":0,"b:19:59:19:63":1,"b:19:77:19:81":2,"s:20:25:20:40":1,"s:21:49:21:69":2,"s:22:15:22:33":3,"s:25:15:36:4":4,"s:38:22:60:11":5,"f:38:35:38:40":1,"s:39:24:39:52":6,"s:40:16:40:26":7,"b:43:4:46:Infinity:undefined:undefined:undefined:undefined":3,"s:43:4:46:Infinity":8,"b:43:8:43:19:43:24:43:57":4,"s:44:6:44:Infinity":9,"f:44:14:44:18":2,"s:44:23:44:74":10,"b:44:51:44:55:44:58:44:74":5,"s:45:6:45:Infinity":11,"s:48:4:59:Infinity":12,"s:49:23:49:64":13,"b:50:6:50:Infinity:undefined:undefined:undefined:undefined":6,"s:50:6:50:Infinity":14,"s:50:24:50:Infinity":15,"s:52:19:52:40":16,"s:53:23:53:60":17,"s:55:6:55:Infinity":18,"s:56:6:56:Infinity":19,"s:58:6:58:Infinity":20,"s:62:30:127:47":21,"f:62:43:62:44":3,"s:63:14:63:27":22,"b:64:4:64:Infinity:undefined:undefined:undefined:undefined":7,"s:64:4:64:Infinity":23,"s:64:28:64:Infinity":24,"s:66:17:66:58":25,"s:67:26:67:52":26,"s:68:26:68:52":27,"s:70:22:70:48":28,"s:71:22:71:48":29,"s:72:21:72:77":30,"b:75:4:78:Infinity:undefined:undefined:undefined:undefined":8,"s:75:4:78:Infinity":31,"b:75:8:75:21:75:25:75:37":9,"b:76:6:76:Infinity:undefined:undefined:undefined:undefined":10,"s:76:6:76:Infinity":32,"s:76:26:76:Infinity":33,"s:77:6:77:Infinity":34,"s:81:22:85:5":35,"s:87:19:87:41":36,"s:88:19:88:41":37,"s:93:25:93:39":38,"s:94:20:94:101":39,"b:94:21:94:31:94:35:94:59:94:65:94:75:94:79:94:100":11,"s:95:20:95:101":40,"b:95:21:95:31:95:35:95:58:95:64:95:74:95:78:95:100":12,"b:97:4:100:Infinity:undefined:undefined:undefined:undefined":13,"s:97:4:100:Infinity":41,"b:97:8:97:20:97:24:97:31:97:35:97:42":14,"s:98:6:98:Infinity":42,"s:99:6:99:Infinity":43,"b:103:4:105:Infinity:undefined:undefined:undefined:undefined":15,"s:103:4:105:Infinity":44,"s:104:6:104:Infinity":45,"s:109:29:109:30":46,"b:110:4:112:Infinity:undefined:undefined:undefined:undefined":16,"s:110:4:112:Infinity":47,"s:111:7:111:Infinity":48,"s:114:22:114:55":49,"s:117:18:117:85":50,"b:119:4:124:Infinity:122:11:124:Infinity":17,"s:119:4:124:Infinity":51,"b:119:8:119:32:119:36:119:47":18,"s:120:6:120:Infinity":52,"s:121:6:121:Infinity":53,"b:122:11:124:Infinity:undefined:undefined:undefined:undefined":19,"s:122:11:124:Infinity":54,"s:123:6:123:Infinity":55,"s:126:4:126:Infinity":56,"s:129:16:154:28":57,"f:129:29:129:30":4,"s:130:14:130:27":58,"s:131:16:131:33":59,"b:133:4:148:Infinity:undefined:undefined:undefined:undefined":20,"s:133:4:148:Infinity":60,"s:134:17:134:42":61,"b:135:6:147:Infinity:undefined:undefined:undefined:undefined":21,"s:135:6:147:Infinity":62,"s:136:19:136:39":63,"s:137:19:137:39":64,"s:138:19:138:26":65,"s:139:19:139:26":66,"s:140:29:140:57":67,"s:142:8:142:Infinity":68,"s:143:8:143:Infinity":69,"s:144:8:144:Infinity":70,"s:146:8:146:Infinity":71,"s:150:4:150:Infinity":72,"s:151:4:151:Infinity":73,"s:152:4:152:Infinity":74,"s:153:4:153:Infinity":75,"s:157:1:171:Infinity":76,"f:157:12:157:13":5,"s:159:4:162:Infinity":77,"f:159:46:159:49":6,"s:160:23:160:66":78,"s:161:6:161:Infinity":79,"s:164:24:164:48":80,"s:165:23:165:61":81,"b:167:4:170:Infinity:undefined:undefined:undefined:undefined":22,"s:167:4:170:Infinity":82,"b:167:8:167:18:167:22:167:49:167:53:167:82":23,"s:168:6:168:Infinity":83,"s:169:6:169:Infinity":84,"s:173:1:191:Infinity":85,"f:173:12:173:13":7,"s:174:14:174:27":86,"s:176:28:184:5":87,"f:176:28:176:29":8,"s:177:6:177:Infinity":88,"s:178:6:178:Infinity":89,"b:180:6:183:Infinity:undefined:undefined:undefined:undefined":24,"s:180:6:183:Infinity":90,"s:181:8:181:Infinity":91,"s:182:8:182:Infinity":92,"s:186:4:186:Infinity":93,"s:188:4:190:Infinity":94,"f:188:11:188:12":9,"s:189:6:189:Infinity":95,"s:193:2:193:Infinity":96}}}
,"/home/jishnu/Documents/prefetchAI/src/utils/NetworkSpeedMonitor.js": {"path":"/home/jishnu/Documents/prefetchAI/src/utils/NetworkSpeedMonitor.js","statementMap":{"0":{"start":{"line":7,"column":4},"end":{"line":7,"column":null}},"1":{"start":{"line":8,"column":4},"end":{"line":8,"column":null}},"2":{"start":{"line":16,"column":18},"end":{"line":16,"column":35}},"3":{"start":{"line":17,"column":4},"end":{"line":24,"column":null}},"4":{"start":{"line":19,"column":6},"end":{"line":19,"column":null}},"5":{"start":{"line":20,"column":6},"end":{"line":20,"column":null}},"6":{"start":{"line":23,"column":6},"end":{"line":23,"column":25}},"7":{"start":{"line":25,"column":4},"end":{"line":25,"column":null}},"8":{"start":{"line":36,"column":19},"end":{"line":36,"column":21}},"9":{"start":{"line":37,"column":19},"end":{"line":37,"column":22}},"10":{"start":{"line":38,"column":25},"end":{"line":38,"column":29}},"11":{"start":{"line":39,"column":25},"end":{"line":39,"column":29}},"12":{"start":{"line":41,"column":4},"end":{"line":41,"column":null}},"13":{"start":{"line":41,"column":27},"end":{"line":41,"column":null}},"14":{"start":{"line":42,"column":4},"end":{"line":42,"column":null}},"15":{"start":{"line":42,"column":27},"end":{"line":42,"column":null}},"16":{"start":{"line":45,"column":14},"end":{"line":45,"column":52}},"17":{"start":{"line":46,"column":4},"end":{"line":46,"column":null}}},"fnMap":{"0":{"name":"(anonymous_0)","decl":{"start":{"line":6,"column":2},"end":{"line":6,"column":13}},"loc":{"start":{"line":6,"column":16},"end":{"line":9,"column":null}},"line":6},"1":{"name":"(anonymous_1)","decl":{"start":{"line":15,"column":8},"end":{"line":15,"column":22}},"loc":{"start":{"line":15,"column":25},"end":{"line":26,"column":null}},"line":15},"2":{"name":"(anonymous_2)","decl":{"start":{"line":33,"column":2},"end":{"line":33,"column":20}},"loc":{"start":{"line":33,"column":30},"end":{"line":47,"column":null}},"line":33}},"branchMap":{"0":{"loc":{"start":{"line":41,"column":4},"end":{"line":41,"column":null}},"type":"if","locations":[{"start":{"line":41,"column":4},"end":{"line":41,"column":null}},{"start":{},"end":{}}],"line":41},"1":{"loc":{"start":{"line":42,"column":4},"end":{"line":42,"column":null}},"type":"if","locations":[{"start":{"line":42,"column":4},"end":{"line":42,"column":null}},{"start":{},"end":{}}],"line":42}},"s":{"0":4,"1":4,"2":1,"3":1,"4":1,"5":1,"6":0,"7":1,"8":2,"9":2,"10":2,"11":2,"12":2,"13":1,"14":1,"15":1,"16":0,"17":0},"f":{"0":4,"1":1,"2":2},"b":{"0":[1,1],"1":[1,0]},"meta":{"lastBranch":2,"lastFunction":3,"lastStatement":18,"seen":{"f:6:2:6:13":0,"s:7:4:7:Infinity":0,"s:8:4:8:Infinity":1,"f:15:8:15:22":1,"s:16:18:16:35":2,"s:17:4:24:Infinity":3,"s:19:6:19:Infinity":4,"s:20:6:20:Infinity":5,"s:23:6:23:25":6,"s:25:4:25:Infinity":7,"f:33:2:33:20":2,"s:36:19:36:21":8,"s:37:19:37:22":9,"s:38:25:38:29":10,"s:39:25:39:29":11,"b:41:4:41:Infinity:undefined:undefined:undefined:undefined":0,"s:41:4:41:Infinity":12,"s:41:27:41:Infinity":13,"b:42:4:42:Infinity:undefined:undefined:undefined:undefined":1,"s:42:4:42:Infinity":14,"s:42:27:42:Infinity":15,"s:45:14:45:52":16,"s:46:4:46:Infinity":17}}}
,"/home/jishnu/Documents/prefetchAI/src/utils/kinematics.js": {"path":"/home/jishnu/Documents/prefetchAI/src/utils/kinematics.js","statementMap":{"0":{"start":{"line":11,"column":41},"end":{"line":40,"column":1}},"1":{"start":{"line":12,"column":16},"end":{"line":12,"column":76}},"2":{"start":{"line":13,"column":2},"end":{"line":13,"column":null}},"3":{"start":{"line":13,"column":19},"end":{"line":13,"column":null}},"4":{"start":{"line":15,"column":17},"end":{"line":21,"column":3}},"5":{"start":{"line":23,"column":17},"end":{"line":23,"column":35}},"6":{"start":{"line":24,"column":17},"end":{"line":24,"column":35}},"7":{"start":{"line":26,"column":15},"end":{"line":26,"column":24}},"8":{"start":{"line":28,"column":2},"end":{"line":37,"column":null}},"9":{"start":{"line":29,"column":15},"end":{"line":29,"column":36}},"10":{"start":{"line":30,"column":15},"end":{"line":30,"column":36}},"11":{"start":{"line":31,"column":17},"end":{"line":31,"column":45}},"12":{"start":{"line":33,"column":4},"end":{"line":36,"column":null}},"13":{"start":{"line":34,"column":18},"end":{"line":34,"column":65}},"14":{"start":{"line":35,"column":6},"end":{"line":35,"column":null}},"15":{"start":{"line":35,"column":24},"end":{"line":35,"column":null}},"16":{"start":{"line":39,"column":2},"end":{"line":39,"column":null}}},"fnMap":{"0":{"name":"(anonymous_0)","decl":{"start":{"line":11,"column":41},"end":{"line":11,"column":42}},"loc":{"start":{"line":11,"column":72},"end":{"line":40,"column":1}},"line":11}},"branchMap":{"0":{"loc":{"start":{"line":13,"column":2},"end":{"line":13,"column":null}},"type":"if","locations":[{"start":{"line":13,"column":2},"end":{"line":13,"column":null}},{"start":{},"end":{}}],"line":13},"1":{"loc":{"start":{"line":18,"column":9},"end":{"line":18,"column":47}},"type":"binary-expr","locations":[{"start":{"line":18,"column":9},"end":{"line":18,"column":19}},{"start":{"line":18,"column":24},"end":{"line":18,"column":46}}],"line":18},"2":{"loc":{"start":{"line":19,"column":23},"end":{"line":19,"column":62}},"type":"binary-expr","locations":[{"start":{"line":19,"column":23},"end":{"line":19,"column":34}},{"start":{"line":19,"column":39},"end":{"line":19,"column":61}}],"line":19},"3":{"loc":{"start":{"line":20,"column":9},"end":{"line":20,"column":47}},"type":"binary-expr","locations":[{"start":{"line":20,"column":9},"end":{"line":20,"column":19}},{"start":{"line":20,"column":24},"end":{"line":20,"column":46}}],"line":20},"4":{"loc":{"start":{"line":20,"column":52},"end":{"line":20,"column":91}},"type":"binary-expr","locations":[{"start":{"line":20,"column":52},"end":{"line":20,"column":63}},{"start":{"line":20,"column":68},"end":{"line":20,"column":90}}],"line":20},"5":{"loc":{"start":{"line":33,"column":4},"end":{"line":36,"column":null}},"type":"if","locations":[{"start":{"line":33,"column":4},"end":{"line":36,"column":null}},{"start":{},"end":{}}],"line":33},"6":{"loc":{"start":{"line":35,"column":6},"end":{"line":35,"column":null}},"type":"if","locations":[{"start":{"line":35,"column":6},"end":{"line":35,"column":null}},{"start":{},"end":{}}],"line":35},"7":{"loc":{"start":{"line":39,"column":9},"end":{"line":39,"column":42}},"type":"cond-expr","locations":[{"start":{"line":39,"column":32},"end":{"line":39,"column":33}},{"start":{"line":39,"column":36},"end":{"line":39,"column":42}}],"line":39}},"s":{"0":2,"1":7,"2":7,"3":0,"4":7,"5":7,"6":7,"7":7,"8":7,"9":35,"10":35,"11":35,"12":35,"13":34,"14":34,"15":11,"16":7},"f":{"0":7},"b":{"0":[0,7],"1":[7,0],"2":[7,0],"3":[7,0],"4":[7,0],"5":[34,1],"6":[11,23],"7":[0,7]},"meta":{"lastBranch":8,"lastFunction":1,"lastStatement":17,"seen":{"s:11:41:40:1":0,"f:11:41:11:42":0,"s:12:16:12:76":1,"b:13:2:13:Infinity:undefined:undefined:undefined:undefined":0,"s:13:2:13:Infinity":2,"s:13:19:13:Infinity":3,"s:15:17:21:3":4,"b:18:9:18:19:18:24:18:46":1,"b:19:23:19:34:19:39:19:61":2,"b:20:9:20:19:20:24:20:46":3,"b:20:52:20:63:20:68:20:90":4,"s:23:17:23:35":5,"s:24:17:24:35":6,"s:26:15:26:24":7,"s:28:2:37:Infinity":8,"s:29:15:29:36":9,"s:30:15:30:36":10,"s:31:17:31:45":11,"b:33:4:36:Infinity:undefined:undefined:undefined:undefined":5,"s:33:4:36:Infinity":12,"s:34:18:34:65":13,"b:35:6:35:Infinity:undefined:undefined:undefined:undefined":6,"s:35:6:35:Infinity":14,"s:35:24:35:Infinity":15,"s:39:2:39:Infinity":16,"b:39:32:39:33:39:36:39:42":7}}}
}
